[debug] [2025-03-18T02:32:57.030Z] ----------------------------------------------------------------------
[debug] [2025-03-18T02:32:57.032Z] Command:       /opt/homebrew/Cellar/node/23.6.0/bin/node /opt/homebrew/bin/firebase deploy --only functions
[debug] [2025-03-18T02:32:57.032Z] CLI Version:   13.34.0
[debug] [2025-03-18T02:32:57.032Z] Platform:      darwin
[debug] [2025-03-18T02:32:57.032Z] Node Version:  v23.6.0
[debug] [2025-03-18T02:32:57.032Z] Time:          Tue Mar 18 2025 11:32:57 GMT+0900 (日本標準時)
[debug] [2025-03-18T02:32:57.032Z] ----------------------------------------------------------------------
[debug] 
[debug] [2025-03-18T02:32:57.033Z] >>> [apiv2][query] GET https://firebase-public.firebaseio.com/cli.json [none]
[debug] [2025-03-18T02:32:57.108Z] > command requires scopes: ["email","openid","https://www.googleapis.com/auth/cloudplatformprojects.readonly","https://www.googleapis.com/auth/firebase","https://www.googleapis.com/auth/cloud-platform"]
[debug] [2025-03-18T02:32:57.109Z] > authorizing via signed-in user (kinoko.miki@gmail.com)
[debug] [2025-03-18T02:32:57.109Z] [iam] checking project pawmatching for permissions ["cloudfunctions.functions.create","cloudfunctions.functions.delete","cloudfunctions.functions.get","cloudfunctions.functions.list","cloudfunctions.functions.update","cloudfunctions.operations.get","firebase.projects.get"]
[debug] [2025-03-18T02:32:57.109Z] Checked if tokens are valid: false, expires at: 1742036712501
[debug] [2025-03-18T02:32:57.109Z] Checked if tokens are valid: false, expires at: 1742036712501
[debug] [2025-03-18T02:32:57.109Z] > refreshing access token with scopes: []
[debug] [2025-03-18T02:32:57.109Z] >>> [apiv2][query] POST https://www.googleapis.com/oauth2/v3/token [none]
[debug] [2025-03-18T02:32:57.109Z] >>> [apiv2][body] POST https://www.googleapis.com/oauth2/v3/token [omitted]
[debug] [2025-03-18T02:32:57.241Z] <<< [apiv2][status] POST https://www.googleapis.com/oauth2/v3/token 200
[debug] [2025-03-18T02:32:57.241Z] <<< [apiv2][body] POST https://www.googleapis.com/oauth2/v3/token [omitted]
[debug] [2025-03-18T02:32:57.254Z] >>> [apiv2][query] POST https://cloudresourcemanager.googleapis.com/v1/projects/pawmatching:testIamPermissions [none]
[debug] [2025-03-18T02:32:57.254Z] >>> [apiv2][(partial)header] POST https://cloudresourcemanager.googleapis.com/v1/projects/pawmatching:testIamPermissions x-goog-quota-user=projects/pawmatching
[debug] [2025-03-18T02:32:57.254Z] >>> [apiv2][body] POST https://cloudresourcemanager.googleapis.com/v1/projects/pawmatching:testIamPermissions {"permissions":["cloudfunctions.functions.create","cloudfunctions.functions.delete","cloudfunctions.functions.get","cloudfunctions.functions.list","cloudfunctions.functions.update","cloudfunctions.operations.get","firebase.projects.get"]}
[debug] [2025-03-18T02:32:57.432Z] <<< [apiv2][status] GET https://firebase-public.firebaseio.com/cli.json 200
[debug] [2025-03-18T02:32:57.432Z] <<< [apiv2][body] GET https://firebase-public.firebaseio.com/cli.json {"cloudBuildErrorAfter":1594252800000,"cloudBuildWarnAfter":1590019200000,"defaultNode10After":1594252800000,"minVersion":"3.0.5","node8DeploysDisabledAfter":1613390400000,"node8RuntimeDisabledAfter":1615809600000,"node8WarnAfter":1600128000000}
[debug] [2025-03-18T02:32:57.462Z] <<< [apiv2][status] POST https://cloudresourcemanager.googleapis.com/v1/projects/pawmatching:testIamPermissions 200
[debug] [2025-03-18T02:32:57.463Z] <<< [apiv2][body] POST https://cloudresourcemanager.googleapis.com/v1/projects/pawmatching:testIamPermissions {"permissions":["cloudfunctions.functions.create","cloudfunctions.functions.delete","cloudfunctions.functions.get","cloudfunctions.functions.list","cloudfunctions.functions.update","cloudfunctions.operations.get","firebase.projects.get"]}
[debug] [2025-03-18T02:32:57.463Z] Checked if tokens are valid: true, expires at: 1742268776241
[debug] [2025-03-18T02:32:57.463Z] Checked if tokens are valid: true, expires at: 1742268776241
[debug] [2025-03-18T02:32:57.463Z] >>> [apiv2][query] POST https://iam.googleapis.com/v1/projects/pawmatching/serviceAccounts/pawmatching@appspot.gserviceaccount.com:testIamPermissions [none]
[debug] [2025-03-18T02:32:57.463Z] >>> [apiv2][body] POST https://iam.googleapis.com/v1/projects/pawmatching/serviceAccounts/pawmatching@appspot.gserviceaccount.com:testIamPermissions {"permissions":["iam.serviceAccounts.actAs"]}
[debug] [2025-03-18T02:32:57.726Z] <<< [apiv2][status] POST https://iam.googleapis.com/v1/projects/pawmatching/serviceAccounts/pawmatching@appspot.gserviceaccount.com:testIamPermissions 200
[debug] [2025-03-18T02:32:57.727Z] <<< [apiv2][body] POST https://iam.googleapis.com/v1/projects/pawmatching/serviceAccounts/pawmatching@appspot.gserviceaccount.com:testIamPermissions {"permissions":["iam.serviceAccounts.actAs"]}
[info] 
[info] === Deploying to 'pawmatching'...
[info] 
[info] i  deploying functions 
[info] Running command: npm --prefix "$RESOURCE_DIR" run lint
[info] Running command: npm --prefix "$RESOURCE_DIR" run build
[info] ✔  functions: Finished running predeploy script. 
[debug] [2025-03-18T02:33:00.618Z] Checked if tokens are valid: true, expires at: 1742268776241
[debug] [2025-03-18T02:33:00.618Z] Checked if tokens are valid: true, expires at: 1742268776241
[debug] [2025-03-18T02:33:00.618Z] >>> [apiv2][query] GET https://cloudresourcemanager.googleapis.com/v1/projects/pawmatching [none]
[debug] [2025-03-18T02:33:00.801Z] <<< [apiv2][status] GET https://cloudresourcemanager.googleapis.com/v1/projects/pawmatching 200
[debug] [2025-03-18T02:33:00.801Z] <<< [apiv2][body] GET https://cloudresourcemanager.googleapis.com/v1/projects/pawmatching {"projectNumber":"38413147239","projectId":"pawmatching","lifecycleState":"ACTIVE","name":"PawMatching","labels":{"firebase":"enabled","firebase-core":"disabled"},"createTime":"2025-02-23T10:48:58.941803Z"}
[info] i  functions: preparing codebase default for deployment 
[info] i  functions: ensuring required API cloudfunctions.googleapis.com is enabled... 
[debug] [2025-03-18T02:33:00.803Z] Checked if tokens are valid: true, expires at: 1742268776241
[debug] [2025-03-18T02:33:00.803Z] Checked if tokens are valid: true, expires at: 1742268776241
[debug] [2025-03-18T02:33:00.803Z] Checked if tokens are valid: true, expires at: 1742268776241
[debug] [2025-03-18T02:33:00.803Z] Checked if tokens are valid: true, expires at: 1742268776241
[info] i  functions: ensuring required API cloudbuild.googleapis.com is enabled... 
[debug] [2025-03-18T02:33:00.803Z] Checked if tokens are valid: true, expires at: 1742268776241
[debug] [2025-03-18T02:33:00.803Z] Checked if tokens are valid: true, expires at: 1742268776241
[info] i  artifactregistry: ensuring required API artifactregistry.googleapis.com is enabled... 
[debug] [2025-03-18T02:33:00.803Z] Checked if tokens are valid: true, expires at: 1742268776241
[debug] [2025-03-18T02:33:00.803Z] Checked if tokens are valid: true, expires at: 1742268776241
[debug] [2025-03-18T02:33:00.803Z] >>> [apiv2][query] GET https://serviceusage.googleapis.com/v1/projects/pawmatching/services/cloudfunctions.googleapis.com [none]
[debug] [2025-03-18T02:33:00.803Z] >>> [apiv2][(partial)header] GET https://serviceusage.googleapis.com/v1/projects/pawmatching/services/cloudfunctions.googleapis.com x-goog-quota-user=projects/pawmatching
[debug] [2025-03-18T02:33:00.805Z] >>> [apiv2][query] GET https://serviceusage.googleapis.com/v1/projects/pawmatching/services/runtimeconfig.googleapis.com [none]
[debug] [2025-03-18T02:33:00.805Z] >>> [apiv2][(partial)header] GET https://serviceusage.googleapis.com/v1/projects/pawmatching/services/runtimeconfig.googleapis.com x-goog-quota-user=projects/pawmatching
[debug] [2025-03-18T02:33:00.806Z] >>> [apiv2][query] GET https://serviceusage.googleapis.com/v1/projects/pawmatching/services/cloudbuild.googleapis.com [none]
[debug] [2025-03-18T02:33:00.807Z] >>> [apiv2][(partial)header] GET https://serviceusage.googleapis.com/v1/projects/pawmatching/services/cloudbuild.googleapis.com x-goog-quota-user=projects/pawmatching
[debug] [2025-03-18T02:33:00.807Z] >>> [apiv2][query] GET https://serviceusage.googleapis.com/v1/projects/pawmatching/services/artifactregistry.googleapis.com [none]
[debug] [2025-03-18T02:33:00.807Z] >>> [apiv2][(partial)header] GET https://serviceusage.googleapis.com/v1/projects/pawmatching/services/artifactregistry.googleapis.com x-goog-quota-user=projects/pawmatching
[debug] [2025-03-18T02:33:02.020Z] <<< [apiv2][status] GET https://serviceusage.googleapis.com/v1/projects/pawmatching/services/runtimeconfig.googleapis.com 200
[debug] [2025-03-18T02:33:02.020Z] <<< [apiv2][body] GET https://serviceusage.googleapis.com/v1/projects/pawmatching/services/runtimeconfig.googleapis.com [omitted]
[debug] [2025-03-18T02:33:02.021Z] <<< [apiv2][status] GET https://serviceusage.googleapis.com/v1/projects/pawmatching/services/cloudbuild.googleapis.com 200
[debug] [2025-03-18T02:33:02.021Z] <<< [apiv2][body] GET https://serviceusage.googleapis.com/v1/projects/pawmatching/services/cloudbuild.googleapis.com [omitted]
[info] ✔  functions: required API cloudbuild.googleapis.com is enabled 
[debug] [2025-03-18T02:33:02.023Z] <<< [apiv2][status] GET https://serviceusage.googleapis.com/v1/projects/pawmatching/services/artifactregistry.googleapis.com 200
[debug] [2025-03-18T02:33:02.023Z] <<< [apiv2][body] GET https://serviceusage.googleapis.com/v1/projects/pawmatching/services/artifactregistry.googleapis.com [omitted]
[info] ✔  artifactregistry: required API artifactregistry.googleapis.com is enabled 
[debug] [2025-03-18T02:33:02.030Z] <<< [apiv2][status] GET https://serviceusage.googleapis.com/v1/projects/pawmatching/services/cloudfunctions.googleapis.com 200
[debug] [2025-03-18T02:33:02.030Z] <<< [apiv2][body] GET https://serviceusage.googleapis.com/v1/projects/pawmatching/services/cloudfunctions.googleapis.com [omitted]
[info] ✔  functions: required API cloudfunctions.googleapis.com is enabled 
[debug] [2025-03-18T02:33:02.031Z] Checked if tokens are valid: true, expires at: 1742268776241
[debug] [2025-03-18T02:33:02.031Z] Checked if tokens are valid: true, expires at: 1742268776241
[debug] [2025-03-18T02:33:02.031Z] >>> [apiv2][query] GET https://firebase.googleapis.com/v1beta1/projects/pawmatching/adminSdkConfig [none]
[debug] [2025-03-18T02:33:02.529Z] <<< [apiv2][status] GET https://firebase.googleapis.com/v1beta1/projects/pawmatching/adminSdkConfig 200
[debug] [2025-03-18T02:33:02.529Z] <<< [apiv2][body] GET https://firebase.googleapis.com/v1beta1/projects/pawmatching/adminSdkConfig {"projectId":"pawmatching","databaseURL":"https://pawmatching-default-rtdb.asia-southeast1.firebasedatabase.app","storageBucket":"pawmatching.firebasestorage.app"}
[debug] [2025-03-18T02:33:02.529Z] Checked if tokens are valid: true, expires at: 1742268776241
[debug] [2025-03-18T02:33:02.529Z] Checked if tokens are valid: true, expires at: 1742268776241
[debug] [2025-03-18T02:33:02.530Z] >>> [apiv2][query] GET https://runtimeconfig.googleapis.com/v1beta1/projects/pawmatching/configs [none]
[debug] [2025-03-18T02:33:02.874Z] <<< [apiv2][status] GET https://runtimeconfig.googleapis.com/v1beta1/projects/pawmatching/configs 200
[debug] [2025-03-18T02:33:02.874Z] <<< [apiv2][body] GET https://runtimeconfig.googleapis.com/v1beta1/projects/pawmatching/configs {}
[debug] [2025-03-18T02:33:02.875Z] Validating nodejs source
[warn] ⚠  functions: Runtime Node.js 18 will be deprecated on 2025-04-30 and will be decommissioned on 2025-10-31, after which you will not be able to deploy without upgrading. Consider upgrading now to avoid disruption. See https://cloud.google.com/functions/docs/runtime-support for full details on the lifecycle policy 
[warn] ⚠  functions: package.json indicates an outdated version of firebase-functions. Please upgrade using npm install --save firebase-functions@latest in your functions directory. 
[warn] ⚠  functions: Please note that there will be breaking changes when you upgrade. 
[debug] [2025-03-18T02:33:03.197Z] > [functions] package.json contents: {
  "name": "functions",
  "scripts": {
    "lint": "eslint --ext .js,.ts .",
    "build": "tsc",
    "build:watch": "tsc --watch",
    "serve": "npm run build && firebase emulators:start --only functions",
    "shell": "npm run build && firebase functions:shell",
    "start": "npm run shell",
    "deploy": "firebase deploy --only functions",
    "logs": "firebase functions:log"
  },
  "engines": {
    "node": "18"
  },
  "main": "lib/index.js",
  "dependencies": {
    "firebase-admin": "^11.11.0",
    "firebase-functions": "^4.5.0",
    "node-fetch": "^2.6.7"
  },
  "devDependencies": {
    "@typescript-eslint/eslint-plugin": "^5.12.0",
    "@typescript-eslint/parser": "^5.12.0",
    "eslint": "^8.9.0",
    "eslint-config-google": "^0.14.0",
    "eslint-plugin-import": "^2.25.4",
    "firebase-functions-test": "^3.1.0",
    "typescript": "^4.9.0",
    "@types/node-fetch": "^2.6.2"
  },
  "private": true
}
[debug] [2025-03-18T02:33:03.197Z] Building nodejs source
[info] i  functions: Loading and analyzing source code for codebase default to determine what to deploy 
[info] i  functions: You are using a version of firebase-functions SDK (4.9.0) that does not have support for the newest Firebase Extensions features. Please update firebase-functions SDK to >=5.1.0 to use them correctly 
[debug] [2025-03-18T02:33:03.197Z] Could not find functions.yaml. Must use http discovery
[debug] [2025-03-18T02:33:03.200Z] Found firebase-functions binary at '/Users/miki/Dev/prototype/Paw-Matching-re/functions/node_modules/.bin/firebase-functions'
[info] Serving at port 8985

[debug] [2025-03-18T02:33:03.396Z] Got response from /__/functions.yaml {"endpoints":{"onMofumofuRequest":{"platform":"gcfv1","availableMemoryMb":null,"timeoutSeconds":null,"minInstances":null,"maxInstances":null,"ingressSettings":null,"serviceAccountEmail":null,"vpc":null,"eventTrigger":{"eventType":"providers/cloud.firestore/eventTypes/document.create","eventFilters":{"resource":"projects/pawmatching/databases/(default)/documents/applies/{applyId}"},"retry":false},"labels":{},"entryPoint":"onMofumofuRequest"},"onMatchCreated":{"platform":"gcfv1","availableMemoryMb":null,"timeoutSeconds":null,"minInstances":null,"maxInstances":null,"ingressSettings":null,"serviceAccountEmail":null,"vpc":null,"eventTrigger":{"eventType":"providers/cloud.firestore/eventTypes/document.create","eventFilters":{"resource":"projects/pawmatching/databases/(default)/documents/matches/{matchId}"},"retry":false},"labels":{},"entryPoint":"onMatchCreated"},"onNewChatMessage":{"platform":"gcfv1","availableMemoryMb":null,"timeoutSeconds":null,"minInstances":null,"maxInstances":null,"ingressSettings":null,"serviceAccountEmail":null,"vpc":null,"eventTrigger":{"eventType":"providers/cloud.firestore/eventTypes/document.create","eventFilters":{"resource":"projects/pawmatching/databases/(default)/documents/chats/{chatId}/messages/{messageId}"},"retry":false},"labels":{},"entryPoint":"onNewChatMessage"},"resetWalkingStatus":{"platform":"gcfv1","availableMemoryMb":null,"timeoutSeconds":null,"minInstances":null,"maxInstances":null,"ingressSettings":null,"serviceAccountEmail":null,"vpc":null,"scheduleTrigger":{"schedule":"every 30 minutes","retryConfig":{"retryCount":null,"maxDoublings":null,"maxRetryDuration":null,"maxBackoffDuration":null,"minBackoffDuration":null},"timeZone":null},"labels":{},"entryPoint":"resetWalkingStatus"},"cleanupPendingRequests":{"platform":"gcfv1","availableMemoryMb":null,"timeoutSeconds":null,"minInstances":null,"maxInstances":null,"ingressSettings":null,"serviceAccountEmail":null,"vpc":null,"scheduleTrigger":{"schedule":"0 0 * * *","retryConfig":{"retryCount":null,"maxDoublings":null,"maxRetryDuration":null,"maxBackoffDuration":null,"minBackoffDuration":null},"timeZone":"Asia/Tokyo"},"labels":{},"entryPoint":"cleanupPendingRequests"}},"specVersion":"v1alpha1","requiredAPIs":[{"api":"cloudscheduler.googleapis.com","reason":"Needed for scheduled functions."}]}
[info] i  functions: preparing functions directory for uploading... 
[info] i  functions: packaged /Users/miki/Dev/prototype/Paw-Matching-re/functions (104.76 KB) for uploading 
[debug] [2025-03-18T02:33:07.450Z] Checked if tokens are valid: true, expires at: 1742268776241
[debug] [2025-03-18T02:33:07.450Z] Checked if tokens are valid: true, expires at: 1742268776241
[debug] [2025-03-18T02:33:07.450Z] >>> [apiv2][query] GET https://cloudfunctions.googleapis.com/v1/projects/pawmatching/locations/-/functions [none]
[debug] [2025-03-18T02:33:08.374Z] <<< [apiv2][status] GET https://cloudfunctions.googleapis.com/v1/projects/pawmatching/locations/-/functions 200
[debug] [2025-03-18T02:33:08.374Z] <<< [apiv2][body] GET https://cloudfunctions.googleapis.com/v1/projects/pawmatching/locations/-/functions {"functions":[{"name":"projects/pawmatching/locations/us-central1/functions/onMatchCreated","eventTrigger":{"eventType":"providers/cloud.firestore/eventTypes/document.create","resource":"projects/pawmatching/databases/(default)/documents/matches/{matchId}","service":"firestore.googleapis.com","failurePolicy":{}},"status":"ACTIVE","entryPoint":"onMatchCreated","timeout":"60s","availableMemoryMb":256,"serviceAccountEmail":"pawmatching@appspot.gserviceaccount.com","updateTime":"2025-03-15T10:07:13.301Z","versionId":"7","labels":{"deployment-tool":"cli-firebase","firebase-functions-hash":"2638e8329c86415ad9cc85a74d467ba8a04cbef3"},"sourceUploadUrl":"https://storage.googleapis.com/uploads-1025060629803.us-central1.cloudfunctions.appspot.com/3445604a-28fa-4910-abd1-69bd39f95e68.zip","environmentVariables":{"FIREBASE_CONFIG":"{\"projectId\":\"pawmatching\",\"databaseURL\":\"https://pawmatching-default-rtdb.asia-southeast1.firebasedatabase.app\",\"storageBucket\":\"pawmatching.firebasestorage.app\"}","GCLOUD_PROJECT":"pawmatching","EVENTARC_CLOUD_EVENT_SOURCE":"projects/pawmatching/locations/us-central1/functions/onMatchCreated"},"runtime":"nodejs18","maxInstances":3000,"ingressSettings":"ALLOW_ALL","buildId":"4dfb64be-83c6-4551-ba53-abe0209b5738","buildEnvironmentVariables":{"GOOGLE_NODE_RUN_SCRIPTS":""},"buildName":"projects/38413147239/locations/us-central1/builds/4dfb64be-83c6-4551-ba53-abe0209b5738","dockerRegistry":"ARTIFACT_REGISTRY","automaticUpdatePolicy":{},"buildServiceAccount":"projects/pawmatching/serviceAccounts/38413147239-compute@developer.gserviceaccount.com"},{"name":"projects/pawmatching/locations/us-central1/functions/cleanupPendingRequests","eventTrigger":{"eventType":"google.pubsub.topic.publish","resource":"projects/pawmatching/topics/firebase-schedule-cleanupPendingRequests-us-central1","service":"pubsub.googleapis.com","failurePolicy":{}},"status":"ACTIVE","entryPoint":"cleanupPendingRequests","timeout":"60s","availableMemoryMb":256,"serviceAccountEmail":"pawmatching@appspot.gserviceaccount.com","updateTime":"2025-03-15T10:06:56.941380920Z","versionId":"1","labels":{"deployment-scheduled":"true","firebase-functions-hash":"2638e8329c86415ad9cc85a74d467ba8a04cbef3","deployment-tool":"cli-firebase"},"sourceUploadUrl":"https://storage.googleapis.com/uploads-1025060629803.us-central1.cloudfunctions.appspot.com/3445604a-28fa-4910-abd1-69bd39f95e68.zip","environmentVariables":{"FIREBASE_CONFIG":"{\"projectId\":\"pawmatching\",\"databaseURL\":\"https://pawmatching-default-rtdb.asia-southeast1.firebasedatabase.app\",\"storageBucket\":\"pawmatching.firebasestorage.app\"}","GCLOUD_PROJECT":"pawmatching","EVENTARC_CLOUD_EVENT_SOURCE":"projects/pawmatching/locations/us-central1/functions/cleanupPendingRequests"},"runtime":"nodejs18","maxInstances":3000,"ingressSettings":"ALLOW_ALL","buildId":"4dfb64be-83c6-4551-ba53-abe0209b5738","buildEnvironmentVariables":{"GOOGLE_NODE_RUN_SCRIPTS":""},"buildName":"projects/38413147239/locations/us-central1/builds/4dfb64be-83c6-4551-ba53-abe0209b5738","dockerRegistry":"ARTIFACT_REGISTRY","automaticUpdatePolicy":{},"buildServiceAccount":"projects/pawmatching/serviceAccounts/38413147239-compute@developer.gserviceaccount.com"},{"name":"projects/pawmatching/locations/us-central1/functions/onNewChatMessage","eventTrigger":{"eventType":"providers/cloud.firestore/eventTypes/document.create","resource":"projects/pawmatching/databases/(default)/documents/chats/{chatId}/messages/{messageId}","service":"firestore.googleapis.com","failurePolicy":{}},"status":"ACTIVE","entryPoint":"onNewChatMessage","timeout":"60s","availableMemoryMb":256,"serviceAccountEmail":"pawmatching@appspot.gserviceaccount.com","updateTime":"2025-03-15T10:07:21.815Z","versionId":"7","labels":{"firebase-functions-hash":"2638e8329c86415ad9cc85a74d467ba8a04cbef3","deployment-tool":"cli-firebase"},"sourceUploadUrl":"https://storage.googleapis.com/uploads-1025060629803.us-central1.cloudfunctions.appspot.com/3445604a-28fa-4910-abd1-69bd39f95e68.zip","environmentVariables":{"FIREBASE_CONFIG":"{\"projectId\":\"pawmatching\",\"databaseURL\":\"https://pawmatching-default-rtdb.asia-southeast1.firebasedatabase.app\",\"storageBucket\":\"pawmatching.firebasestorage.app\"}","GCLOUD_PROJECT":"pawmatching","EVENTARC_CLOUD_EVENT_SOURCE":"projects/pawmatching/locations/us-central1/functions/onNewChatMessage"},"runtime":"nodejs18","maxInstances":3000,"ingressSettings":"ALLOW_ALL","buildId":"4dfb64be-83c6-4551-ba53-abe0209b5738","buildEnvironmentVariables":{"GOOGLE_NODE_RUN_SCRIPTS":""},"buildName":"projects/38413147239/locations/us-central1/builds/4dfb64be-83c6-4551-ba53-abe0209b5738","dockerRegistry":"ARTIFACT_REGISTRY","automaticUpdatePolicy":{},"buildServiceAccount":"projects/pawmatching/serviceAccounts/38413147239-compute@developer.gserviceaccount.com"},{"name":"projects/pawmatching/locations/us-central1/functions/resetWalkingStatus","eventTrigger":{"eventType":"google.pubsub.topic.publish","resource":"projects/pawmatching/topics/firebase-schedule-resetWalkingStatus-us-central1","service":"pubsub.googleapis.com","failurePolicy":{}},"status":"ACTIVE","entryPoint":"resetWalkingStatus","timeout":"60s","availableMemoryMb":256,"serviceAccountEmail":"pawmatching@appspot.gserviceaccount.com","updateTime":"2025-03-15T10:07:16.490Z","versionId":"3","labels":{"firebase-functions-hash":"2638e8329c86415ad9cc85a74d467ba8a04cbef3","deployment-tool":"cli-firebase","deployment-scheduled":"true"},"sourceUploadUrl":"https://storage.googleapis.com/uploads-1025060629803.us-central1.cloudfunctions.appspot.com/3445604a-28fa-4910-abd1-69bd39f95e68.zip","environmentVariables":{"FIREBASE_CONFIG":"{\"projectId\":\"pawmatching\",\"databaseURL\":\"https://pawmatching-default-rtdb.asia-southeast1.firebasedatabase.app\",\"storageBucket\":\"pawmatching.firebasestorage.app\"}","GCLOUD_PROJECT":"pawmatching","EVENTARC_CLOUD_EVENT_SOURCE":"projects/pawmatching/locations/us-central1/functions/resetWalkingStatus"},"runtime":"nodejs18","maxInstances":3000,"ingressSettings":"ALLOW_ALL","buildId":"4dfb64be-83c6-4551-ba53-abe0209b5738","buildEnvironmentVariables":{"GOOGLE_NODE_RUN_SCRIPTS":""},"buildName":"projects/38413147239/locations/us-central1/builds/4dfb64be-83c6-4551-ba53-abe0209b5738","dockerRegistry":"ARTIFACT_REGISTRY","automaticUpdatePolicy":{},"buildServiceAccount":"projects/pawmatching/serviceAccounts/38413147239-compute@developer.gserviceaccount.com"},{"name":"projects/pawmatching/locations/us-central1/functions/onMofumofuRequest","eventTrigger":{"eventType":"providers/cloud.firestore/eventTypes/document.create","resource":"projects/pawmatching/databases/(default)/documents/applies/{applyId}","service":"firestore.googleapis.com","failurePolicy":{}},"status":"ACTIVE","entryPoint":"onMofumofuRequest","timeout":"60s","availableMemoryMb":256,"serviceAccountEmail":"pawmatching@appspot.gserviceaccount.com","updateTime":"2025-03-15T10:09:22.965Z","versionId":"7","labels":{"deployment-tool":"cli-firebase","firebase-functions-hash":"2638e8329c86415ad9cc85a74d467ba8a04cbef3"},"sourceUploadUrl":"https://storage.googleapis.com/uploads-1025060629803.us-central1.cloudfunctions.appspot.com/3445604a-28fa-4910-abd1-69bd39f95e68.zip","environmentVariables":{"FIREBASE_CONFIG":"{\"projectId\":\"pawmatching\",\"databaseURL\":\"https://pawmatching-default-rtdb.asia-southeast1.firebasedatabase.app\",\"storageBucket\":\"pawmatching.firebasestorage.app\"}","GCLOUD_PROJECT":"pawmatching","EVENTARC_CLOUD_EVENT_SOURCE":"projects/pawmatching/locations/us-central1/functions/onMofumofuRequest"},"runtime":"nodejs18","maxInstances":3000,"ingressSettings":"ALLOW_ALL","buildId":"4dfb64be-83c6-4551-ba53-abe0209b5738","buildEnvironmentVariables":{"GOOGLE_NODE_RUN_SCRIPTS":""},"buildName":"projects/38413147239/locations/us-central1/builds/4dfb64be-83c6-4551-ba53-abe0209b5738","dockerRegistry":"ARTIFACT_REGISTRY","automaticUpdatePolicy":{},"buildServiceAccount":"projects/pawmatching/serviceAccounts/38413147239-compute@developer.gserviceaccount.com"}]}
[debug] [2025-03-18T02:33:08.375Z] Checked if tokens are valid: true, expires at: 1742268776241
[debug] [2025-03-18T02:33:08.375Z] Checked if tokens are valid: true, expires at: 1742268776241
[debug] [2025-03-18T02:33:08.376Z] >>> [apiv2][query] GET https://cloudfunctions.googleapis.com/v2/projects/pawmatching/locations/-/functions filter=environment%3D%22GEN_2%22
[debug] [2025-03-18T02:33:09.705Z] <<< [apiv2][status] GET https://cloudfunctions.googleapis.com/v2/projects/pawmatching/locations/-/functions 200
[debug] [2025-03-18T02:33:09.705Z] <<< [apiv2][body] GET https://cloudfunctions.googleapis.com/v2/projects/pawmatching/locations/-/functions {}
[info] i  functions: ensuring required API cloudscheduler.googleapis.com is enabled... 
[debug] [2025-03-18T02:33:09.712Z] Checked if tokens are valid: true, expires at: 1742268776241
[debug] [2025-03-18T02:33:09.712Z] Checked if tokens are valid: true, expires at: 1742268776241
[debug] [2025-03-18T02:33:09.712Z] >>> [apiv2][query] GET https://serviceusage.googleapis.com/v1/projects/pawmatching/services/cloudscheduler.googleapis.com [none]
[debug] [2025-03-18T02:33:09.712Z] >>> [apiv2][(partial)header] GET https://serviceusage.googleapis.com/v1/projects/pawmatching/services/cloudscheduler.googleapis.com x-goog-quota-user=projects/pawmatching
[debug] [2025-03-18T02:33:10.761Z] <<< [apiv2][status] GET https://serviceusage.googleapis.com/v1/projects/pawmatching/services/cloudscheduler.googleapis.com 200
[debug] [2025-03-18T02:33:10.761Z] <<< [apiv2][body] GET https://serviceusage.googleapis.com/v1/projects/pawmatching/services/cloudscheduler.googleapis.com [omitted]
[info] ✔  functions: required API cloudscheduler.googleapis.com is enabled 
[debug] [2025-03-18T02:33:10.765Z] Checked if tokens are valid: true, expires at: 1742268776241
[debug] [2025-03-18T02:33:10.766Z] Checked if tokens are valid: true, expires at: 1742268776241
[debug] [2025-03-18T02:33:10.766Z] >>> [apiv2][query] GET https://cloudresourcemanager.googleapis.com/v1/projects/pawmatching [none]
[debug] [2025-03-18T02:33:11.447Z] <<< [apiv2][status] GET https://cloudresourcemanager.googleapis.com/v1/projects/pawmatching 200
[debug] [2025-03-18T02:33:11.448Z] <<< [apiv2][body] GET https://cloudresourcemanager.googleapis.com/v1/projects/pawmatching {"projectNumber":"38413147239","projectId":"pawmatching","lifecycleState":"ACTIVE","name":"PawMatching","labels":{"firebase":"enabled","firebase-core":"disabled"},"createTime":"2025-02-23T10:48:58.941803Z"}
[debug] [2025-03-18T02:33:11.449Z] Checked if tokens are valid: true, expires at: 1742268776241
[debug] [2025-03-18T02:33:11.449Z] Checked if tokens are valid: true, expires at: 1742268776241
[debug] [2025-03-18T02:33:11.449Z] >>> [apiv2][query] POST https://cloudfunctions.googleapis.com/v1/projects/pawmatching/locations/us-central1/functions:generateUploadUrl [none]
[debug] [2025-03-18T02:33:11.449Z] >>> [apiv2][body] POST https://cloudfunctions.googleapis.com/v1/projects/pawmatching/locations/us-central1/functions:generateUploadUrl {}
[debug] [2025-03-18T02:33:12.264Z] <<< [apiv2][status] POST https://cloudfunctions.googleapis.com/v1/projects/pawmatching/locations/us-central1/functions:generateUploadUrl 200
[debug] [2025-03-18T02:33:12.264Z] <<< [apiv2][body] POST https://cloudfunctions.googleapis.com/v1/projects/pawmatching/locations/us-central1/functions:generateUploadUrl {"uploadUrl":"https://storage.googleapis.com/uploads-1025060629803.us-central1.cloudfunctions.appspot.com/819f2c51-6fe4-43f9-b818-88f09019fb63.zip?GoogleAccessId=service-38413147239@gcf-admin-robot.iam.gserviceaccount.com&Expires=1742266992&Signature=sHtnFhJy6Bxxxy3FMIuMf8k8c%2FoC033yi%2Fd2BKjVeeoC3VnXcsNQvMmtM0AE3xlCxfm9nonTZt9Zb5Hx6kMEuhNpppsYMm7hm5918g3kEL7PHhdVJ9OfqBusLobssDpHDqEH3OQcwnzZJpBJNapl%2BGCBZwdr6ouVg2OPN5y4KRce5xr5vMr2T1P32JmWI%2FRg4XSJff9g33RHsFe%2F35f8Kbe2gDa9zX%2F6q6LvptHcbpVv%2FnPKFbz8DwsP8wJilkFgst56HgktfvVgxXERzrxTpO2pNw%2FI8AO0Hg6Is6DdjEbgEaADqk5vjbs5FP3Ei5qC%2FTb6ccBL6yq%2BecK9T3pUAA%3D%3D"}
[debug] [2025-03-18T02:33:12.265Z] >>> [apiv2][query] PUT https://storage.googleapis.com/uploads-1025060629803.us-central1.cloudfunctions.appspot.com/819f2c51-6fe4-43f9-b818-88f09019fb63.zip GoogleAccessId=service-38413147239%40gcf-admin-robot.iam.gserviceaccount.com&Expires=1742266992&Signature=sHtnFhJy6Bxxxy3FMIuMf8k8c%2FoC033yi%2Fd2BKjVeeoC3VnXcsNQvMmtM0AE3xlCxfm9nonTZt9Zb5Hx6kMEuhNpppsYMm7hm5918g3kEL7PHhdVJ9OfqBusLobssDpHDqEH3OQcwnzZJpBJNapl%2BGCBZwdr6ouVg2OPN5y4KRce5xr5vMr2T1P32JmWI%2FRg4XSJff9g33RHsFe%2F35f8Kbe2gDa9zX%2F6q6LvptHcbpVv%2FnPKFbz8DwsP8wJilkFgst56HgktfvVgxXERzrxTpO2pNw%2FI8AO0Hg6Is6DdjEbgEaADqk5vjbs5FP3Ei5qC%2FTb6ccBL6yq%2BecK9T3pUAA%3D%3D
[debug] [2025-03-18T02:33:12.265Z] >>> [apiv2][body] PUT https://storage.googleapis.com/uploads-1025060629803.us-central1.cloudfunctions.appspot.com/819f2c51-6fe4-43f9-b818-88f09019fb63.zip [stream]
[debug] [2025-03-18T02:33:13.182Z] <<< [apiv2][status] PUT https://storage.googleapis.com/uploads-1025060629803.us-central1.cloudfunctions.appspot.com/819f2c51-6fe4-43f9-b818-88f09019fb63.zip 200
[debug] [2025-03-18T02:33:13.182Z] <<< [apiv2][body] PUT https://storage.googleapis.com/uploads-1025060629803.us-central1.cloudfunctions.appspot.com/819f2c51-6fe4-43f9-b818-88f09019fb63.zip [omitted]
[info] ✔  functions: functions folder uploaded successfully 
[info] i  functions: updating Node.js 18 (1st Gen) function onMofumofuRequest(us-central1)... 
[info] i  functions: updating Node.js 18 (1st Gen) function onMatchCreated(us-central1)... 
[info] i  functions: updating Node.js 18 (1st Gen) function onNewChatMessage(us-central1)... 
[info] i  functions: updating Node.js 18 (1st Gen) function resetWalkingStatus(us-central1)... 
[info] i  functions: updating Node.js 18 (1st Gen) function cleanupPendingRequests(us-central1)... 
[debug] [2025-03-18T02:33:13.187Z] Checked if tokens are valid: true, expires at: 1742268776241
[debug] [2025-03-18T02:33:13.187Z] Checked if tokens are valid: true, expires at: 1742268776241
[debug] [2025-03-18T02:33:13.187Z] >>> [apiv2][query] PATCH https://cloudfunctions.googleapis.com/v1/projects/pawmatching/locations/us-central1/functions/onMofumofuRequest updateMask=name%2CsourceUploadUrl%2CentryPoint%2Cruntime%2CdockerRegistry%2Clabels%2CeventTrigger.eventType%2CeventTrigger.resource%2CeventTrigger.failurePolicy%2CminInstances%2CmaxInstances%2CingressSettings%2CenvironmentVariables%2CserviceAccountEmail%2CavailableMemoryMb%2Ctimeout%2CvpcConnector%2CvpcConnectorEgressSettings%2CsourceToken%2CbuildEnvironmentVariables
[debug] [2025-03-18T02:33:13.188Z] >>> [apiv2][body] PATCH https://cloudfunctions.googleapis.com/v1/projects/pawmatching/locations/us-central1/functions/onMofumofuRequest {"name":"projects/pawmatching/locations/us-central1/functions/onMofumofuRequest","sourceUploadUrl":"https://storage.googleapis.com/uploads-1025060629803.us-central1.cloudfunctions.appspot.com/819f2c51-6fe4-43f9-b818-88f09019fb63.zip?GoogleAccessId=service-38413147239@gcf-admin-robot.iam.gserviceaccount.com&Expires=1742266992&Signature=sHtnFhJy6Bxxxy3FMIuMf8k8c%2FoC033yi%2Fd2BKjVeeoC3VnXcsNQvMmtM0AE3xlCxfm9nonTZt9Zb5Hx6kMEuhNpppsYMm7hm5918g3kEL7PHhdVJ9OfqBusLobssDpHDqEH3OQcwnzZJpBJNapl%2BGCBZwdr6ouVg2OPN5y4KRce5xr5vMr2T1P32JmWI%2FRg4XSJff9g33RHsFe%2F35f8Kbe2gDa9zX%2F6q6LvptHcbpVv%2FnPKFbz8DwsP8wJilkFgst56HgktfvVgxXERzrxTpO2pNw%2FI8AO0Hg6Is6DdjEbgEaADqk5vjbs5FP3Ei5qC%2FTb6ccBL6yq%2BecK9T3pUAA%3D%3D","entryPoint":"onMofumofuRequest","runtime":"nodejs18","dockerRegistry":"ARTIFACT_REGISTRY","labels":{"deployment-tool":"cli-firebase","firebase-functions-hash":"676da7d2178d69e553744c5758e1cb3ba74dd348"},"eventTrigger":{"eventType":"providers/cloud.firestore/eventTypes/document.create","resource":"projects/pawmatching/databases/(default)/documents/applies/{applyId}"},"minInstances":null,"maxInstances":null,"ingressSettings":null,"environmentVariables":{"FIREBASE_CONFIG":"{\"projectId\":\"pawmatching\",\"databaseURL\":\"https://pawmatching-default-rtdb.asia-southeast1.firebasedatabase.app\",\"storageBucket\":\"pawmatching.firebasestorage.app\"}","GCLOUD_PROJECT":"pawmatching","EVENTARC_CLOUD_EVENT_SOURCE":"projects/pawmatching/locations/us-central1/functions/onMofumofuRequest"},"serviceAccountEmail":null,"availableMemoryMb":null,"timeout":null,"vpcConnector":null,"vpcConnectorEgressSettings":null,"buildEnvironmentVariables":{"GOOGLE_NODE_RUN_SCRIPTS":""}}
[debug] [2025-03-18T02:33:14.062Z] <<< [apiv2][status] PATCH https://cloudfunctions.googleapis.com/v1/projects/pawmatching/locations/us-central1/functions/onMofumofuRequest 200
[debug] [2025-03-18T02:33:14.062Z] <<< [apiv2][body] PATCH https://cloudfunctions.googleapis.com/v1/projects/pawmatching/locations/us-central1/functions/onMofumofuRequest {"name":"operations/cGF3bWF0Y2hpbmcvdXMtY2VudHJhbDEvb25Nb2Z1bW9mdVJlcXVlc3QveUJoemFzX2VxQjg","metadata":{"@type":"type.googleapis.com/google.cloud.functions.v1.OperationMetadataV1","target":"projects/pawmatching/locations/us-central1/functions/onMofumofuRequest","type":"UPDATE_FUNCTION","request":{"@type":"type.googleapis.com/google.cloud.functions.v1.CloudFunction","name":"projects/pawmatching/locations/us-central1/functions/onMofumofuRequest","eventTrigger":{"eventType":"providers/cloud.firestore/eventTypes/document.create","resource":"projects/pawmatching/databases/(default)/documents/applies/{applyId}","service":"firestore.googleapis.com"},"status":"ACTIVE","entryPoint":"onMofumofuRequest","updateTime":"2025-03-15T10:09:22.965Z","versionId":"7","labels":{"deployment-tool":"cli-firebase","firebase-functions-hash":"676da7d2178d69e553744c5758e1cb3ba74dd348"},"sourceUploadUrl":"https://storage.googleapis.com/uploads-1025060629803.us-central1.cloudfunctions.appspot.com/819f2c51-6fe4-43f9-b818-88f09019fb63.zip?GoogleAccessId=service-38413147239@gcf-admin-robot.iam.gserviceaccount.com&Expires=1742266992&Signature=sHtnFhJy6Bxxxy3FMIuMf8k8c%2FoC033yi%2Fd2BKjVeeoC3VnXcsNQvMmtM0AE3xlCxfm9nonTZt9Zb5Hx6kMEuhNpppsYMm7hm5918g3kEL7PHhdVJ9OfqBusLobssDpHDqEH3OQcwnzZJpBJNapl%2BGCBZwdr6ouVg2OPN5y4KRce5xr5vMr2T1P32JmWI%2FRg4XSJff9g33RHsFe%2F35f8Kbe2gDa9zX%2F6q6LvptHcbpVv%2FnPKFbz8DwsP8wJilkFgst56HgktfvVgxXERzrxTpO2pNw%2FI8AO0Hg6Is6DdjEbgEaADqk5vjbs5FP3Ei5qC%2FTb6ccBL6yq%2BecK9T3pUAA%3D%3D","environmentVariables":{"FIREBASE_CONFIG":"{\"projectId\":\"pawmatching\",\"databaseURL\":\"https://pawmatching-default-rtdb.asia-southeast1.firebasedatabase.app\",\"storageBucket\":\"pawmatching.firebasestorage.app\"}","GCLOUD_PROJECT":"pawmatching","EVENTARC_CLOUD_EVENT_SOURCE":"projects/pawmatching/locations/us-central1/functions/onMofumofuRequest"},"runtime":"nodejs18","buildId":"4dfb64be-83c6-4551-ba53-abe0209b5738","buildEnvironmentVariables":{"GOOGLE_NODE_RUN_SCRIPTS":""},"buildName":"projects/38413147239/locations/us-central1/builds/4dfb64be-83c6-4551-ba53-abe0209b5738","dockerRegistry":"ARTIFACT_REGISTRY","automaticUpdatePolicy":{},"buildServiceAccount":"projects/pawmatching/serviceAccounts/38413147239-compute@developer.gserviceaccount.com"},"versionId":"8","updateTime":"2025-03-18T02:33:13Z"}}
[debug] [2025-03-18T02:33:14.064Z] Checked if tokens are valid: true, expires at: 1742268776241
[debug] [2025-03-18T02:33:14.064Z] Checked if tokens are valid: true, expires at: 1742268776241
[debug] [2025-03-18T02:33:14.064Z] >>> [apiv2][query] GET https://cloudfunctions.googleapis.com/v1/operations/cGF3bWF0Y2hpbmcvdXMtY2VudHJhbDEvb25Nb2Z1bW9mdVJlcXVlc3QveUJoemFzX2VxQjg [none]
[debug] [2025-03-18T02:33:14.619Z] <<< [apiv2][status] GET https://cloudfunctions.googleapis.com/v1/operations/cGF3bWF0Y2hpbmcvdXMtY2VudHJhbDEvb25Nb2Z1bW9mdVJlcXVlc3QveUJoemFzX2VxQjg 200
[debug] [2025-03-18T02:33:14.619Z] <<< [apiv2][body] GET https://cloudfunctions.googleapis.com/v1/operations/cGF3bWF0Y2hpbmcvdXMtY2VudHJhbDEvb25Nb2Z1bW9mdVJlcXVlc3QveUJoemFzX2VxQjg {"name":"operations/cGF3bWF0Y2hpbmcvdXMtY2VudHJhbDEvb25Nb2Z1bW9mdVJlcXVlc3QveUJoemFzX2VxQjg","metadata":{"@type":"type.googleapis.com/google.cloud.functions.v1.OperationMetadataV1","target":"projects/pawmatching/locations/us-central1/functions/onMofumofuRequest","type":"UPDATE_FUNCTION","request":{"@type":"type.googleapis.com/google.cloud.functions.v1.CloudFunction","name":"projects/pawmatching/locations/us-central1/functions/onMofumofuRequest","eventTrigger":{"eventType":"providers/cloud.firestore/eventTypes/document.create","resource":"projects/pawmatching/databases/(default)/documents/applies/{applyId}","service":"firestore.googleapis.com"},"status":"ACTIVE","entryPoint":"onMofumofuRequest","updateTime":"2025-03-15T10:09:22.965Z","versionId":"7","labels":{"deployment-tool":"cli-firebase","firebase-functions-hash":"676da7d2178d69e553744c5758e1cb3ba74dd348"},"sourceUploadUrl":"https://storage.googleapis.com/uploads-1025060629803.us-central1.cloudfunctions.appspot.com/819f2c51-6fe4-43f9-b818-88f09019fb63.zip?GoogleAccessId=service-38413147239@gcf-admin-robot.iam.gserviceaccount.com&Expires=1742266992&Signature=sHtnFhJy6Bxxxy3FMIuMf8k8c%2FoC033yi%2Fd2BKjVeeoC3VnXcsNQvMmtM0AE3xlCxfm9nonTZt9Zb5Hx6kMEuhNpppsYMm7hm5918g3kEL7PHhdVJ9OfqBusLobssDpHDqEH3OQcwnzZJpBJNapl%2BGCBZwdr6ouVg2OPN5y4KRce5xr5vMr2T1P32JmWI%2FRg4XSJff9g33RHsFe%2F35f8Kbe2gDa9zX%2F6q6LvptHcbpVv%2FnPKFbz8DwsP8wJilkFgst56HgktfvVgxXERzrxTpO2pNw%2FI8AO0Hg6Is6DdjEbgEaADqk5vjbs5FP3Ei5qC%2FTb6ccBL6yq%2BecK9T3pUAA%3D%3D","environmentVariables":{"FIREBASE_CONFIG":"{\"projectId\":\"pawmatching\",\"databaseURL\":\"https://pawmatching-default-rtdb.asia-southeast1.firebasedatabase.app\",\"storageBucket\":\"pawmatching.firebasestorage.app\"}","GCLOUD_PROJECT":"pawmatching","EVENTARC_CLOUD_EVENT_SOURCE":"projects/pawmatching/locations/us-central1/functions/onMofumofuRequest"},"runtime":"nodejs18","buildId":"4dfb64be-83c6-4551-ba53-abe0209b5738","buildEnvironmentVariables":{"GOOGLE_NODE_RUN_SCRIPTS":""},"buildName":"projects/38413147239/locations/us-central1/builds/4dfb64be-83c6-4551-ba53-abe0209b5738","dockerRegistry":"ARTIFACT_REGISTRY","automaticUpdatePolicy":{},"buildServiceAccount":"projects/pawmatching/serviceAccounts/38413147239-compute@developer.gserviceaccount.com"},"versionId":"8","updateTime":"2025-03-18T02:33:14Z"}}
[debug] [2025-03-18T02:33:15.122Z] [update-default-us-central1-onMofumofuRequest] Retrying task index 0
[debug] [2025-03-18T02:33:15.122Z] Checked if tokens are valid: true, expires at: 1742268776241
[debug] [2025-03-18T02:33:15.123Z] Checked if tokens are valid: true, expires at: 1742268776241
[debug] [2025-03-18T02:33:15.123Z] >>> [apiv2][query] GET https://cloudfunctions.googleapis.com/v1/operations/cGF3bWF0Y2hpbmcvdXMtY2VudHJhbDEvb25Nb2Z1bW9mdVJlcXVlc3QveUJoemFzX2VxQjg [none]
[debug] [2025-03-18T02:33:15.652Z] <<< [apiv2][status] GET https://cloudfunctions.googleapis.com/v1/operations/cGF3bWF0Y2hpbmcvdXMtY2VudHJhbDEvb25Nb2Z1bW9mdVJlcXVlc3QveUJoemFzX2VxQjg 200
[debug] [2025-03-18T02:33:15.653Z] <<< [apiv2][body] GET https://cloudfunctions.googleapis.com/v1/operations/cGF3bWF0Y2hpbmcvdXMtY2VudHJhbDEvb25Nb2Z1bW9mdVJlcXVlc3QveUJoemFzX2VxQjg {"name":"operations/cGF3bWF0Y2hpbmcvdXMtY2VudHJhbDEvb25Nb2Z1bW9mdVJlcXVlc3QveUJoemFzX2VxQjg","metadata":{"@type":"type.googleapis.com/google.cloud.functions.v1.OperationMetadataV1","target":"projects/pawmatching/locations/us-central1/functions/onMofumofuRequest","type":"UPDATE_FUNCTION","request":{"@type":"type.googleapis.com/google.cloud.functions.v1.CloudFunction","name":"projects/pawmatching/locations/us-central1/functions/onMofumofuRequest","eventTrigger":{"eventType":"providers/cloud.firestore/eventTypes/document.create","resource":"projects/pawmatching/databases/(default)/documents/applies/{applyId}","service":"firestore.googleapis.com"},"status":"ACTIVE","entryPoint":"onMofumofuRequest","updateTime":"2025-03-15T10:09:22.965Z","versionId":"7","labels":{"deployment-tool":"cli-firebase","firebase-functions-hash":"676da7d2178d69e553744c5758e1cb3ba74dd348"},"sourceUploadUrl":"https://storage.googleapis.com/uploads-1025060629803.us-central1.cloudfunctions.appspot.com/819f2c51-6fe4-43f9-b818-88f09019fb63.zip?GoogleAccessId=service-38413147239@gcf-admin-robot.iam.gserviceaccount.com&Expires=1742266992&Signature=sHtnFhJy6Bxxxy3FMIuMf8k8c%2FoC033yi%2Fd2BKjVeeoC3VnXcsNQvMmtM0AE3xlCxfm9nonTZt9Zb5Hx6kMEuhNpppsYMm7hm5918g3kEL7PHhdVJ9OfqBusLobssDpHDqEH3OQcwnzZJpBJNapl%2BGCBZwdr6ouVg2OPN5y4KRce5xr5vMr2T1P32JmWI%2FRg4XSJff9g33RHsFe%2F35f8Kbe2gDa9zX%2F6q6LvptHcbpVv%2FnPKFbz8DwsP8wJilkFgst56HgktfvVgxXERzrxTpO2pNw%2FI8AO0Hg6Is6DdjEbgEaADqk5vjbs5FP3Ei5qC%2FTb6ccBL6yq%2BecK9T3pUAA%3D%3D","environmentVariables":{"FIREBASE_CONFIG":"{\"projectId\":\"pawmatching\",\"databaseURL\":\"https://pawmatching-default-rtdb.asia-southeast1.firebasedatabase.app\",\"storageBucket\":\"pawmatching.firebasestorage.app\"}","GCLOUD_PROJECT":"pawmatching","EVENTARC_CLOUD_EVENT_SOURCE":"projects/pawmatching/locations/us-central1/functions/onMofumofuRequest"},"runtime":"nodejs18","buildId":"4dfb64be-83c6-4551-ba53-abe0209b5738","buildEnvironmentVariables":{"GOOGLE_NODE_RUN_SCRIPTS":""},"buildName":"projects/38413147239/locations/us-central1/builds/4dfb64be-83c6-4551-ba53-abe0209b5738","dockerRegistry":"ARTIFACT_REGISTRY","automaticUpdatePolicy":{},"buildServiceAccount":"projects/pawmatching/serviceAccounts/38413147239-compute@developer.gserviceaccount.com"},"versionId":"8","updateTime":"2025-03-18T02:33:14Z","buildId":"889f0a18-154b-49b8-94fd-5bcbfbf539ac","buildName":"projects/38413147239/locations/us-central1/builds/889f0a18-154b-49b8-94fd-5bcbfbf539ac"}}
[debug] [2025-03-18T02:33:16.654Z] [update-default-us-central1-onMofumofuRequest] Retrying task index 0
[debug] [2025-03-18T02:33:16.654Z] Checked if tokens are valid: true, expires at: 1742268776241
[debug] [2025-03-18T02:33:16.655Z] Checked if tokens are valid: true, expires at: 1742268776241
[debug] [2025-03-18T02:33:16.655Z] >>> [apiv2][query] GET https://cloudfunctions.googleapis.com/v1/operations/cGF3bWF0Y2hpbmcvdXMtY2VudHJhbDEvb25Nb2Z1bW9mdVJlcXVlc3QveUJoemFzX2VxQjg [none]
[debug] [2025-03-18T02:33:17.179Z] <<< [apiv2][status] GET https://cloudfunctions.googleapis.com/v1/operations/cGF3bWF0Y2hpbmcvdXMtY2VudHJhbDEvb25Nb2Z1bW9mdVJlcXVlc3QveUJoemFzX2VxQjg 200
[debug] [2025-03-18T02:33:17.180Z] <<< [apiv2][body] GET https://cloudfunctions.googleapis.com/v1/operations/cGF3bWF0Y2hpbmcvdXMtY2VudHJhbDEvb25Nb2Z1bW9mdVJlcXVlc3QveUJoemFzX2VxQjg {"name":"operations/cGF3bWF0Y2hpbmcvdXMtY2VudHJhbDEvb25Nb2Z1bW9mdVJlcXVlc3QveUJoemFzX2VxQjg","metadata":{"@type":"type.googleapis.com/google.cloud.functions.v1.OperationMetadataV1","target":"projects/pawmatching/locations/us-central1/functions/onMofumofuRequest","type":"UPDATE_FUNCTION","request":{"@type":"type.googleapis.com/google.cloud.functions.v1.CloudFunction","name":"projects/pawmatching/locations/us-central1/functions/onMofumofuRequest","eventTrigger":{"eventType":"providers/cloud.firestore/eventTypes/document.create","resource":"projects/pawmatching/databases/(default)/documents/applies/{applyId}","service":"firestore.googleapis.com"},"status":"ACTIVE","entryPoint":"onMofumofuRequest","updateTime":"2025-03-15T10:09:22.965Z","versionId":"7","labels":{"deployment-tool":"cli-firebase","firebase-functions-hash":"676da7d2178d69e553744c5758e1cb3ba74dd348"},"sourceUploadUrl":"https://storage.googleapis.com/uploads-1025060629803.us-central1.cloudfunctions.appspot.com/819f2c51-6fe4-43f9-b818-88f09019fb63.zip?GoogleAccessId=service-38413147239@gcf-admin-robot.iam.gserviceaccount.com&Expires=1742266992&Signature=sHtnFhJy6Bxxxy3FMIuMf8k8c%2FoC033yi%2Fd2BKjVeeoC3VnXcsNQvMmtM0AE3xlCxfm9nonTZt9Zb5Hx6kMEuhNpppsYMm7hm5918g3kEL7PHhdVJ9OfqBusLobssDpHDqEH3OQcwnzZJpBJNapl%2BGCBZwdr6ouVg2OPN5y4KRce5xr5vMr2T1P32JmWI%2FRg4XSJff9g33RHsFe%2F35f8Kbe2gDa9zX%2F6q6LvptHcbpVv%2FnPKFbz8DwsP8wJilkFgst56HgktfvVgxXERzrxTpO2pNw%2FI8AO0Hg6Is6DdjEbgEaADqk5vjbs5FP3Ei5qC%2FTb6ccBL6yq%2BecK9T3pUAA%3D%3D","environmentVariables":{"FIREBASE_CONFIG":"{\"projectId\":\"pawmatching\",\"databaseURL\":\"https://pawmatching-default-rtdb.asia-southeast1.firebasedatabase.app\",\"storageBucket\":\"pawmatching.firebasestorage.app\"}","GCLOUD_PROJECT":"pawmatching","EVENTARC_CLOUD_EVENT_SOURCE":"projects/pawmatching/locations/us-central1/functions/onMofumofuRequest"},"runtime":"nodejs18","buildId":"4dfb64be-83c6-4551-ba53-abe0209b5738","buildEnvironmentVariables":{"GOOGLE_NODE_RUN_SCRIPTS":""},"buildName":"projects/38413147239/locations/us-central1/builds/4dfb64be-83c6-4551-ba53-abe0209b5738","dockerRegistry":"ARTIFACT_REGISTRY","automaticUpdatePolicy":{},"buildServiceAccount":"projects/pawmatching/serviceAccounts/38413147239-compute@developer.gserviceaccount.com"},"versionId":"8","updateTime":"2025-03-18T02:33:14Z","buildId":"889f0a18-154b-49b8-94fd-5bcbfbf539ac","buildName":"projects/38413147239/locations/us-central1/builds/889f0a18-154b-49b8-94fd-5bcbfbf539ac"}}
[debug] [2025-03-18T02:33:19.180Z] [update-default-us-central1-onMofumofuRequest] Retrying task index 0
[debug] [2025-03-18T02:33:19.180Z] Checked if tokens are valid: true, expires at: 1742268776241
[debug] [2025-03-18T02:33:19.180Z] Checked if tokens are valid: true, expires at: 1742268776241
[debug] [2025-03-18T02:33:19.181Z] >>> [apiv2][query] GET https://cloudfunctions.googleapis.com/v1/operations/cGF3bWF0Y2hpbmcvdXMtY2VudHJhbDEvb25Nb2Z1bW9mdVJlcXVlc3QveUJoemFzX2VxQjg [none]
[debug] [2025-03-18T02:33:19.535Z] <<< [apiv2][status] GET https://cloudfunctions.googleapis.com/v1/operations/cGF3bWF0Y2hpbmcvdXMtY2VudHJhbDEvb25Nb2Z1bW9mdVJlcXVlc3QveUJoemFzX2VxQjg 200
[debug] [2025-03-18T02:33:19.535Z] <<< [apiv2][body] GET https://cloudfunctions.googleapis.com/v1/operations/cGF3bWF0Y2hpbmcvdXMtY2VudHJhbDEvb25Nb2Z1bW9mdVJlcXVlc3QveUJoemFzX2VxQjg {"name":"operations/cGF3bWF0Y2hpbmcvdXMtY2VudHJhbDEvb25Nb2Z1bW9mdVJlcXVlc3QveUJoemFzX2VxQjg","metadata":{"@type":"type.googleapis.com/google.cloud.functions.v1.OperationMetadataV1","target":"projects/pawmatching/locations/us-central1/functions/onMofumofuRequest","type":"UPDATE_FUNCTION","request":{"@type":"type.googleapis.com/google.cloud.functions.v1.CloudFunction","name":"projects/pawmatching/locations/us-central1/functions/onMofumofuRequest","eventTrigger":{"eventType":"providers/cloud.firestore/eventTypes/document.create","resource":"projects/pawmatching/databases/(default)/documents/applies/{applyId}","service":"firestore.googleapis.com"},"status":"ACTIVE","entryPoint":"onMofumofuRequest","updateTime":"2025-03-15T10:09:22.965Z","versionId":"7","labels":{"deployment-tool":"cli-firebase","firebase-functions-hash":"676da7d2178d69e553744c5758e1cb3ba74dd348"},"sourceUploadUrl":"https://storage.googleapis.com/uploads-1025060629803.us-central1.cloudfunctions.appspot.com/819f2c51-6fe4-43f9-b818-88f09019fb63.zip?GoogleAccessId=service-38413147239@gcf-admin-robot.iam.gserviceaccount.com&Expires=1742266992&Signature=sHtnFhJy6Bxxxy3FMIuMf8k8c%2FoC033yi%2Fd2BKjVeeoC3VnXcsNQvMmtM0AE3xlCxfm9nonTZt9Zb5Hx6kMEuhNpppsYMm7hm5918g3kEL7PHhdVJ9OfqBusLobssDpHDqEH3OQcwnzZJpBJNapl%2BGCBZwdr6ouVg2OPN5y4KRce5xr5vMr2T1P32JmWI%2FRg4XSJff9g33RHsFe%2F35f8Kbe2gDa9zX%2F6q6LvptHcbpVv%2FnPKFbz8DwsP8wJilkFgst56HgktfvVgxXERzrxTpO2pNw%2FI8AO0Hg6Is6DdjEbgEaADqk5vjbs5FP3Ei5qC%2FTb6ccBL6yq%2BecK9T3pUAA%3D%3D","environmentVariables":{"FIREBASE_CONFIG":"{\"projectId\":\"pawmatching\",\"databaseURL\":\"https://pawmatching-default-rtdb.asia-southeast1.firebasedatabase.app\",\"storageBucket\":\"pawmatching.firebasestorage.app\"}","GCLOUD_PROJECT":"pawmatching","EVENTARC_CLOUD_EVENT_SOURCE":"projects/pawmatching/locations/us-central1/functions/onMofumofuRequest"},"runtime":"nodejs18","buildId":"4dfb64be-83c6-4551-ba53-abe0209b5738","buildEnvironmentVariables":{"GOOGLE_NODE_RUN_SCRIPTS":""},"buildName":"projects/38413147239/locations/us-central1/builds/4dfb64be-83c6-4551-ba53-abe0209b5738","dockerRegistry":"ARTIFACT_REGISTRY","automaticUpdatePolicy":{},"buildServiceAccount":"projects/pawmatching/serviceAccounts/38413147239-compute@developer.gserviceaccount.com"},"versionId":"8","updateTime":"2025-03-18T02:33:14Z","buildId":"889f0a18-154b-49b8-94fd-5bcbfbf539ac","buildName":"projects/38413147239/locations/us-central1/builds/889f0a18-154b-49b8-94fd-5bcbfbf539ac"}}
[debug] [2025-03-18T02:33:23.537Z] [update-default-us-central1-onMofumofuRequest] Retrying task index 0
[debug] [2025-03-18T02:33:23.538Z] Checked if tokens are valid: true, expires at: 1742268776241
[debug] [2025-03-18T02:33:23.538Z] Checked if tokens are valid: true, expires at: 1742268776241
[debug] [2025-03-18T02:33:23.538Z] >>> [apiv2][query] GET https://cloudfunctions.googleapis.com/v1/operations/cGF3bWF0Y2hpbmcvdXMtY2VudHJhbDEvb25Nb2Z1bW9mdVJlcXVlc3QveUJoemFzX2VxQjg [none]
[debug] [2025-03-18T02:33:23.826Z] <<< [apiv2][status] GET https://cloudfunctions.googleapis.com/v1/operations/cGF3bWF0Y2hpbmcvdXMtY2VudHJhbDEvb25Nb2Z1bW9mdVJlcXVlc3QveUJoemFzX2VxQjg 200
[debug] [2025-03-18T02:33:23.826Z] <<< [apiv2][body] GET https://cloudfunctions.googleapis.com/v1/operations/cGF3bWF0Y2hpbmcvdXMtY2VudHJhbDEvb25Nb2Z1bW9mdVJlcXVlc3QveUJoemFzX2VxQjg {"name":"operations/cGF3bWF0Y2hpbmcvdXMtY2VudHJhbDEvb25Nb2Z1bW9mdVJlcXVlc3QveUJoemFzX2VxQjg","metadata":{"@type":"type.googleapis.com/google.cloud.functions.v1.OperationMetadataV1","target":"projects/pawmatching/locations/us-central1/functions/onMofumofuRequest","type":"UPDATE_FUNCTION","request":{"@type":"type.googleapis.com/google.cloud.functions.v1.CloudFunction","name":"projects/pawmatching/locations/us-central1/functions/onMofumofuRequest","eventTrigger":{"eventType":"providers/cloud.firestore/eventTypes/document.create","resource":"projects/pawmatching/databases/(default)/documents/applies/{applyId}","service":"firestore.googleapis.com"},"status":"ACTIVE","entryPoint":"onMofumofuRequest","updateTime":"2025-03-15T10:09:22.965Z","versionId":"7","labels":{"deployment-tool":"cli-firebase","firebase-functions-hash":"676da7d2178d69e553744c5758e1cb3ba74dd348"},"sourceUploadUrl":"https://storage.googleapis.com/uploads-1025060629803.us-central1.cloudfunctions.appspot.com/819f2c51-6fe4-43f9-b818-88f09019fb63.zip?GoogleAccessId=service-38413147239@gcf-admin-robot.iam.gserviceaccount.com&Expires=1742266992&Signature=sHtnFhJy6Bxxxy3FMIuMf8k8c%2FoC033yi%2Fd2BKjVeeoC3VnXcsNQvMmtM0AE3xlCxfm9nonTZt9Zb5Hx6kMEuhNpppsYMm7hm5918g3kEL7PHhdVJ9OfqBusLobssDpHDqEH3OQcwnzZJpBJNapl%2BGCBZwdr6ouVg2OPN5y4KRce5xr5vMr2T1P32JmWI%2FRg4XSJff9g33RHsFe%2F35f8Kbe2gDa9zX%2F6q6LvptHcbpVv%2FnPKFbz8DwsP8wJilkFgst56HgktfvVgxXERzrxTpO2pNw%2FI8AO0Hg6Is6DdjEbgEaADqk5vjbs5FP3Ei5qC%2FTb6ccBL6yq%2BecK9T3pUAA%3D%3D","environmentVariables":{"FIREBASE_CONFIG":"{\"projectId\":\"pawmatching\",\"databaseURL\":\"https://pawmatching-default-rtdb.asia-southeast1.firebasedatabase.app\",\"storageBucket\":\"pawmatching.firebasestorage.app\"}","GCLOUD_PROJECT":"pawmatching","EVENTARC_CLOUD_EVENT_SOURCE":"projects/pawmatching/locations/us-central1/functions/onMofumofuRequest"},"runtime":"nodejs18","buildId":"4dfb64be-83c6-4551-ba53-abe0209b5738","buildEnvironmentVariables":{"GOOGLE_NODE_RUN_SCRIPTS":""},"buildName":"projects/38413147239/locations/us-central1/builds/4dfb64be-83c6-4551-ba53-abe0209b5738","dockerRegistry":"ARTIFACT_REGISTRY","automaticUpdatePolicy":{},"buildServiceAccount":"projects/pawmatching/serviceAccounts/38413147239-compute@developer.gserviceaccount.com"},"versionId":"8","updateTime":"2025-03-18T02:33:14Z","buildId":"889f0a18-154b-49b8-94fd-5bcbfbf539ac","buildName":"projects/38413147239/locations/us-central1/builds/889f0a18-154b-49b8-94fd-5bcbfbf539ac"}}
[debug] [2025-03-18T02:33:31.829Z] [update-default-us-central1-onMofumofuRequest] Retrying task index 0
[debug] [2025-03-18T02:33:31.829Z] Checked if tokens are valid: true, expires at: 1742268776241
[debug] [2025-03-18T02:33:31.830Z] Checked if tokens are valid: true, expires at: 1742268776241
[debug] [2025-03-18T02:33:31.830Z] >>> [apiv2][query] GET https://cloudfunctions.googleapis.com/v1/operations/cGF3bWF0Y2hpbmcvdXMtY2VudHJhbDEvb25Nb2Z1bW9mdVJlcXVlc3QveUJoemFzX2VxQjg [none]
[debug] [2025-03-18T02:33:32.396Z] <<< [apiv2][status] GET https://cloudfunctions.googleapis.com/v1/operations/cGF3bWF0Y2hpbmcvdXMtY2VudHJhbDEvb25Nb2Z1bW9mdVJlcXVlc3QveUJoemFzX2VxQjg 200
[debug] [2025-03-18T02:33:32.396Z] <<< [apiv2][body] GET https://cloudfunctions.googleapis.com/v1/operations/cGF3bWF0Y2hpbmcvdXMtY2VudHJhbDEvb25Nb2Z1bW9mdVJlcXVlc3QveUJoemFzX2VxQjg {"name":"operations/cGF3bWF0Y2hpbmcvdXMtY2VudHJhbDEvb25Nb2Z1bW9mdVJlcXVlc3QveUJoemFzX2VxQjg","metadata":{"@type":"type.googleapis.com/google.cloud.functions.v1.OperationMetadataV1","target":"projects/pawmatching/locations/us-central1/functions/onMofumofuRequest","type":"UPDATE_FUNCTION","request":{"@type":"type.googleapis.com/google.cloud.functions.v1.CloudFunction","name":"projects/pawmatching/locations/us-central1/functions/onMofumofuRequest","eventTrigger":{"eventType":"providers/cloud.firestore/eventTypes/document.create","resource":"projects/pawmatching/databases/(default)/documents/applies/{applyId}","service":"firestore.googleapis.com"},"status":"ACTIVE","entryPoint":"onMofumofuRequest","updateTime":"2025-03-15T10:09:22.965Z","versionId":"7","labels":{"deployment-tool":"cli-firebase","firebase-functions-hash":"676da7d2178d69e553744c5758e1cb3ba74dd348"},"sourceUploadUrl":"https://storage.googleapis.com/uploads-1025060629803.us-central1.cloudfunctions.appspot.com/819f2c51-6fe4-43f9-b818-88f09019fb63.zip?GoogleAccessId=service-38413147239@gcf-admin-robot.iam.gserviceaccount.com&Expires=1742266992&Signature=sHtnFhJy6Bxxxy3FMIuMf8k8c%2FoC033yi%2Fd2BKjVeeoC3VnXcsNQvMmtM0AE3xlCxfm9nonTZt9Zb5Hx6kMEuhNpppsYMm7hm5918g3kEL7PHhdVJ9OfqBusLobssDpHDqEH3OQcwnzZJpBJNapl%2BGCBZwdr6ouVg2OPN5y4KRce5xr5vMr2T1P32JmWI%2FRg4XSJff9g33RHsFe%2F35f8Kbe2gDa9zX%2F6q6LvptHcbpVv%2FnPKFbz8DwsP8wJilkFgst56HgktfvVgxXERzrxTpO2pNw%2FI8AO0Hg6Is6DdjEbgEaADqk5vjbs5FP3Ei5qC%2FTb6ccBL6yq%2BecK9T3pUAA%3D%3D","environmentVariables":{"FIREBASE_CONFIG":"{\"projectId\":\"pawmatching\",\"databaseURL\":\"https://pawmatching-default-rtdb.asia-southeast1.firebasedatabase.app\",\"storageBucket\":\"pawmatching.firebasestorage.app\"}","GCLOUD_PROJECT":"pawmatching","EVENTARC_CLOUD_EVENT_SOURCE":"projects/pawmatching/locations/us-central1/functions/onMofumofuRequest"},"runtime":"nodejs18","buildId":"4dfb64be-83c6-4551-ba53-abe0209b5738","buildEnvironmentVariables":{"GOOGLE_NODE_RUN_SCRIPTS":""},"buildName":"projects/38413147239/locations/us-central1/builds/4dfb64be-83c6-4551-ba53-abe0209b5738","dockerRegistry":"ARTIFACT_REGISTRY","automaticUpdatePolicy":{},"buildServiceAccount":"projects/pawmatching/serviceAccounts/38413147239-compute@developer.gserviceaccount.com"},"versionId":"8","updateTime":"2025-03-18T02:33:14Z","buildId":"889f0a18-154b-49b8-94fd-5bcbfbf539ac","buildName":"projects/38413147239/locations/us-central1/builds/889f0a18-154b-49b8-94fd-5bcbfbf539ac"}}
[debug] [2025-03-18T02:33:42.397Z] [update-default-us-central1-onMofumofuRequest] Retrying task index 0
[debug] [2025-03-18T02:33:42.398Z] Checked if tokens are valid: true, expires at: 1742268776241
[debug] [2025-03-18T02:33:42.398Z] Checked if tokens are valid: true, expires at: 1742268776241
[debug] [2025-03-18T02:33:42.398Z] >>> [apiv2][query] GET https://cloudfunctions.googleapis.com/v1/operations/cGF3bWF0Y2hpbmcvdXMtY2VudHJhbDEvb25Nb2Z1bW9mdVJlcXVlc3QveUJoemFzX2VxQjg [none]
[debug] [2025-03-18T02:33:42.985Z] <<< [apiv2][status] GET https://cloudfunctions.googleapis.com/v1/operations/cGF3bWF0Y2hpbmcvdXMtY2VudHJhbDEvb25Nb2Z1bW9mdVJlcXVlc3QveUJoemFzX2VxQjg 200
[debug] [2025-03-18T02:33:42.985Z] <<< [apiv2][body] GET https://cloudfunctions.googleapis.com/v1/operations/cGF3bWF0Y2hpbmcvdXMtY2VudHJhbDEvb25Nb2Z1bW9mdVJlcXVlc3QveUJoemFzX2VxQjg {"name":"operations/cGF3bWF0Y2hpbmcvdXMtY2VudHJhbDEvb25Nb2Z1bW9mdVJlcXVlc3QveUJoemFzX2VxQjg","metadata":{"@type":"type.googleapis.com/google.cloud.functions.v1.OperationMetadataV1","target":"projects/pawmatching/locations/us-central1/functions/onMofumofuRequest","type":"UPDATE_FUNCTION","request":{"@type":"type.googleapis.com/google.cloud.functions.v1.CloudFunction","name":"projects/pawmatching/locations/us-central1/functions/onMofumofuRequest","eventTrigger":{"eventType":"providers/cloud.firestore/eventTypes/document.create","resource":"projects/pawmatching/databases/(default)/documents/applies/{applyId}","service":"firestore.googleapis.com"},"status":"ACTIVE","entryPoint":"onMofumofuRequest","updateTime":"2025-03-15T10:09:22.965Z","versionId":"7","labels":{"deployment-tool":"cli-firebase","firebase-functions-hash":"676da7d2178d69e553744c5758e1cb3ba74dd348"},"sourceUploadUrl":"https://storage.googleapis.com/uploads-1025060629803.us-central1.cloudfunctions.appspot.com/819f2c51-6fe4-43f9-b818-88f09019fb63.zip?GoogleAccessId=service-38413147239@gcf-admin-robot.iam.gserviceaccount.com&Expires=1742266992&Signature=sHtnFhJy6Bxxxy3FMIuMf8k8c%2FoC033yi%2Fd2BKjVeeoC3VnXcsNQvMmtM0AE3xlCxfm9nonTZt9Zb5Hx6kMEuhNpppsYMm7hm5918g3kEL7PHhdVJ9OfqBusLobssDpHDqEH3OQcwnzZJpBJNapl%2BGCBZwdr6ouVg2OPN5y4KRce5xr5vMr2T1P32JmWI%2FRg4XSJff9g33RHsFe%2F35f8Kbe2gDa9zX%2F6q6LvptHcbpVv%2FnPKFbz8DwsP8wJilkFgst56HgktfvVgxXERzrxTpO2pNw%2FI8AO0Hg6Is6DdjEbgEaADqk5vjbs5FP3Ei5qC%2FTb6ccBL6yq%2BecK9T3pUAA%3D%3D","environmentVariables":{"FIREBASE_CONFIG":"{\"projectId\":\"pawmatching\",\"databaseURL\":\"https://pawmatching-default-rtdb.asia-southeast1.firebasedatabase.app\",\"storageBucket\":\"pawmatching.firebasestorage.app\"}","GCLOUD_PROJECT":"pawmatching","EVENTARC_CLOUD_EVENT_SOURCE":"projects/pawmatching/locations/us-central1/functions/onMofumofuRequest"},"runtime":"nodejs18","buildId":"4dfb64be-83c6-4551-ba53-abe0209b5738","buildEnvironmentVariables":{"GOOGLE_NODE_RUN_SCRIPTS":""},"buildName":"projects/38413147239/locations/us-central1/builds/4dfb64be-83c6-4551-ba53-abe0209b5738","dockerRegistry":"ARTIFACT_REGISTRY","automaticUpdatePolicy":{},"buildServiceAccount":"projects/pawmatching/serviceAccounts/38413147239-compute@developer.gserviceaccount.com"},"versionId":"8","updateTime":"2025-03-18T02:33:14Z","buildId":"889f0a18-154b-49b8-94fd-5bcbfbf539ac","buildName":"projects/38413147239/locations/us-central1/builds/889f0a18-154b-49b8-94fd-5bcbfbf539ac"}}
