[debug] [2025-03-15T10:05:13.184Z] ----------------------------------------------------------------------
[debug] [2025-03-15T10:05:13.188Z] Command:       /opt/homebrew/Cellar/node/23.6.0/bin/node /opt/homebrew/bin/firebase deploy --only functions
[debug] [2025-03-15T10:05:13.188Z] CLI Version:   13.34.0
[debug] [2025-03-15T10:05:13.188Z] Platform:      darwin
[debug] [2025-03-15T10:05:13.188Z] Node Version:  v23.6.0
[debug] [2025-03-15T10:05:13.189Z] Time:          Sat Mar 15 2025 19:05:13 GMT+0900 (日本標準時)
[debug] [2025-03-15T10:05:13.189Z] ----------------------------------------------------------------------
[debug] 
[debug] [2025-03-15T10:05:13.190Z] >>> [apiv2][query] GET https://firebase-public.firebaseio.com/cli.json [none]
[debug] [2025-03-15T10:05:13.277Z] > command requires scopes: ["email","openid","https://www.googleapis.com/auth/cloudplatformprojects.readonly","https://www.googleapis.com/auth/firebase","https://www.googleapis.com/auth/cloud-platform"]
[debug] [2025-03-15T10:05:13.277Z] > authorizing via signed-in user (kinoko.miki@gmail.com)
[debug] [2025-03-15T10:05:13.277Z] [iam] checking project pawmatching for permissions ["cloudfunctions.functions.create","cloudfunctions.functions.delete","cloudfunctions.functions.get","cloudfunctions.functions.list","cloudfunctions.functions.update","cloudfunctions.operations.get","firebase.projects.get"]
[debug] [2025-03-15T10:05:13.277Z] Checked if tokens are valid: false, expires at: 1742023952982
[debug] [2025-03-15T10:05:13.277Z] Checked if tokens are valid: false, expires at: 1742023952982
[debug] [2025-03-15T10:05:13.277Z] > refreshing access token with scopes: []
[debug] [2025-03-15T10:05:13.277Z] >>> [apiv2][query] POST https://www.googleapis.com/oauth2/v3/token [none]
[debug] [2025-03-15T10:05:13.277Z] >>> [apiv2][body] POST https://www.googleapis.com/oauth2/v3/token [omitted]
[debug] [2025-03-15T10:05:13.500Z] <<< [apiv2][status] POST https://www.googleapis.com/oauth2/v3/token 200
[debug] [2025-03-15T10:05:13.500Z] <<< [apiv2][body] POST https://www.googleapis.com/oauth2/v3/token [omitted]
[debug] [2025-03-15T10:05:13.513Z] >>> [apiv2][query] POST https://cloudresourcemanager.googleapis.com/v1/projects/pawmatching:testIamPermissions [none]
[debug] [2025-03-15T10:05:13.513Z] >>> [apiv2][(partial)header] POST https://cloudresourcemanager.googleapis.com/v1/projects/pawmatching:testIamPermissions x-goog-quota-user=projects/pawmatching
[debug] [2025-03-15T10:05:13.513Z] >>> [apiv2][body] POST https://cloudresourcemanager.googleapis.com/v1/projects/pawmatching:testIamPermissions {"permissions":["cloudfunctions.functions.create","cloudfunctions.functions.delete","cloudfunctions.functions.get","cloudfunctions.functions.list","cloudfunctions.functions.update","cloudfunctions.operations.get","firebase.projects.get"]}
[debug] [2025-03-15T10:05:13.705Z] <<< [apiv2][status] GET https://firebase-public.firebaseio.com/cli.json 200
[debug] [2025-03-15T10:05:13.705Z] <<< [apiv2][body] GET https://firebase-public.firebaseio.com/cli.json {"cloudBuildErrorAfter":1594252800000,"cloudBuildWarnAfter":1590019200000,"defaultNode10After":1594252800000,"minVersion":"3.0.5","node8DeploysDisabledAfter":1613390400000,"node8RuntimeDisabledAfter":1615809600000,"node8WarnAfter":1600128000000}
[debug] [2025-03-15T10:05:14.342Z] <<< [apiv2][status] POST https://cloudresourcemanager.googleapis.com/v1/projects/pawmatching:testIamPermissions 200
[debug] [2025-03-15T10:05:14.342Z] <<< [apiv2][body] POST https://cloudresourcemanager.googleapis.com/v1/projects/pawmatching:testIamPermissions {"permissions":["cloudfunctions.functions.create","cloudfunctions.functions.delete","cloudfunctions.functions.get","cloudfunctions.functions.list","cloudfunctions.functions.update","cloudfunctions.operations.get","firebase.projects.get"]}
[debug] [2025-03-15T10:05:14.343Z] Checked if tokens are valid: true, expires at: 1742036712501
[debug] [2025-03-15T10:05:14.343Z] Checked if tokens are valid: true, expires at: 1742036712501
[debug] [2025-03-15T10:05:14.343Z] >>> [apiv2][query] POST https://iam.googleapis.com/v1/projects/pawmatching/serviceAccounts/pawmatching@appspot.gserviceaccount.com:testIamPermissions [none]
[debug] [2025-03-15T10:05:14.343Z] >>> [apiv2][body] POST https://iam.googleapis.com/v1/projects/pawmatching/serviceAccounts/pawmatching@appspot.gserviceaccount.com:testIamPermissions {"permissions":["iam.serviceAccounts.actAs"]}
[debug] [2025-03-15T10:05:15.441Z] <<< [apiv2][status] POST https://iam.googleapis.com/v1/projects/pawmatching/serviceAccounts/pawmatching@appspot.gserviceaccount.com:testIamPermissions 200
[debug] [2025-03-15T10:05:15.441Z] <<< [apiv2][body] POST https://iam.googleapis.com/v1/projects/pawmatching/serviceAccounts/pawmatching@appspot.gserviceaccount.com:testIamPermissions {"permissions":["iam.serviceAccounts.actAs"]}
[info] 
[info] === Deploying to 'pawmatching'...
[info] 
[info] i  deploying functions 
[info] Running command: npm --prefix "$RESOURCE_DIR" run lint
